<?xml version="1.0" encoding="UTF-8"?>
<testng-results ignored="0" total="1" passed="1" failed="0" skipped="0">
  <reporter-output>
  </reporter-output>
  <suite started-at="2024-01-11T21:53:07 EST" name="Default suite" finished-at="2024-01-11T21:53:17 EST" duration-ms="9272">
    <groups>
    </groups>
    <test started-at="2024-01-11T21:53:07 EST" name="Default test" finished-at="2024-01-11T21:53:17 EST" duration-ms="9272">
      <class name="com.qa.tn_part_one_Register_Test.RegisterTest">
        <test-method is-config="true" signature="setup()[pri:0, instance:com.qa.tn_part_one_Register_Test.RegisterTest@a38c7fe]" started-at="2024-01-11T21:53:07 EST" name="setup" finished-at="2024-01-11T21:53:15 EST" duration-ms="7583" status="PASS">
          <reporter-output>
          </reporter-output>
        </test-method> <!-- setup -->
        <test-method signature="verifyingRegisterWithAllFields()[pri:0, instance:com.qa.tn_part_one_Register_Test.RegisterTest@a38c7fe]" started-at="2024-01-11T21:53:15 EST" name="verifyingRegisterWithAllFields" finished-at="2024-01-11T21:53:16 EST" duration-ms="1421" status="PASS">
          <reporter-output>
          </reporter-output>
        </test-method> <!-- verifyingRegisterWithAllFields -->
        <test-method is-config="true" signature="tearDown()[pri:0, instance:com.qa.tn_part_one_Register_Test.RegisterTest@a38c7fe]" started-at="2024-01-11T21:53:16 EST" name="tearDown" finished-at="2024-01-11T21:53:17 EST" duration-ms="220" status="PASS">
          <reporter-output>
          </reporter-output>
        </test-method> <!-- tearDown -->
      </class> <!-- com.qa.tn_part_one_Register_Test.RegisterTest -->
    </test> <!-- Default test -->
  </suite> <!-- Default suite -->
</testng-results>
